<?xml version="1.0" encoding="UTF-8"?>
<!-- Generated by org.testng.reporters.JUnitReportReporter -->
<testsuite hostname="LAPTOP-D8M8DET3" failures="0" tests="1" name="bidinnUserWebAppTestScript.VerifyHotelListPage" time="12.174" errors="0" timestamp="2025-05-13T12:10:06 IST" skipped="0">
  <testcase classname="bidinnUserWebAppTestScript.VerifyHotelListPage" name="checkLoginButtonworkornot" time="12.174"/>
</testsuite> <!-- bidinnUserWebAppTestScript.VerifyHotelListPage -->
