<?xml version="1.0" encoding="UTF-8"?>
<!-- Generated by org.testng.reporters.JUnitReportReporter -->
<testsuite hostname="LAPTOP-D8M8DET3" failures="0" tests="1" name="bidinnUserWebAppTestScript.VerifyHomePagePrimeExclusiveButton" time="5.398" errors="0" timestamp="2025-05-12T13:20:03 IST" skipped="0">
  <testcase classname="bidinnUserWebAppTestScript.VerifyHomePagePrimeExclusiveButton" name="verifyBidinnRegularButtonworkornot" time="5.398"/>
</testsuite> <!-- bidinnUserWebAppTestScript.VerifyHomePagePrimeExclusiveButton -->
