<?xml version="1.0" encoding="UTF-8"?>
<!-- Generated by org.testng.reporters.JUnitReportReporter -->
<testsuite hostname="LAPTOP-D8M8DET3" failures="0" tests="1" name="primeandexclusivehotelverify.verifyprimeeclhotelprice" time="7.488" errors="0" timestamp="2025-04-21T10:29:18 IST" skipped="0">
  <testcase classname="primeandexclusivehotelverify.verifyprimeeclhotelprice" name="VerifyBidinnRegularButtonworkornot" time="7.488"/>
</testsuite> <!-- primeandexclusivehotelverify.verifyprimeeclhotelprice -->
