<?xml version="1.0" encoding="UTF-8"?>
<!-- Generated by org.testng.reporters.JUnitReportReporter -->
<testsuite hostname="LAPTOP-D8M8DET3" failures="0" tests="1" name="verifyparticularhotel.VerifyHotelDetailsPage" time="17.747" errors="0" timestamp="2025-05-09T16:50:05 IST" skipped="0">
  <testcase classname="verifyparticularhotel.VerifyHotelDetailsPage" name="verifyBookNowButtonwork" time="17.747"/>
</testsuite> <!-- verifyparticularhotel.VerifyHotelDetailsPage -->
