<?xml version="1.0" encoding="UTF-8"?>
<!-- Generated by org.testng.reporters.JUnitReportReporter -->
<testsuite hostname="LAPTOP-D8M8DET3" failures="0" tests="1" name="bookingpagescripts.mybookingscript" time="9.887" errors="0" timestamp="2025-05-08T17:58:02 IST" skipped="0">
  <testcase classname="bookingpagescripts.mybookingscript" name="checkupcomingbookscenariocase" time="9.887"/>
</testsuite> <!-- bookingpagescripts.mybookingscript -->
