<?xml version="1.0" encoding="UTF-8"?>
<!-- Generated by org.testng.reporters.JUnitReportReporter -->
<testsuite hostname="LAPTOP-D8M8DET3" failures="0" tests="1" name="bidinnUserWebAppTestScript.VerifyHomePage" time="5.763" errors="0" timestamp="2025-05-13T16:36:19 IST" skipped="0">
  <testcase classname="bidinnUserWebAppTestScript.VerifyHomePage" name="verifyRecommendHotelNameOrImageLink" time="5.763"/>
</testsuite> <!-- bidinnUserWebAppTestScript.VerifyHomePage -->
