<?xml version="1.0" encoding="UTF-8"?>
<!-- Generated by org.testng.reporters.JUnitReportReporter -->
<testsuite hostname="LAPTOP-D8M8DET3" failures="0" tests="1" name="verifyparticularhotel.VerifyparticularHotel" time="3.774" errors="0" timestamp="2025-04-02T16:43:39 IST" skipped="0">
  <testcase classname="verifyparticularhotel.VerifyparticularHotel" name="verifydisplayreview" time="3.774"/>
</testsuite> <!-- verifyparticularhotel.VerifyparticularHotel -->
