<?xml version="1.0" encoding="UTF-8"?>
<!-- Generated by org.testng.reporters.JUnitReportReporter -->
<testsuite hostname="LAPTOP-D8M8DET3" failures="0" tests="1" name="annotundersBATest.AnnoBefTest1" time="0.005" errors="0" timestamp="2025-03-20T12:32:34 IST" skipped="0">
  <testcase classname="annotundersBATest.AnnoBefTest1" name="f2" time="0.005"/>
</testsuite> <!-- annotundersBATest.AnnoBefTest1 -->
