<?xml version="1.0" encoding="UTF-8"?>
<!-- Generated by org.testng.reporters.JUnitReportReporter -->
<testsuite hostname="LAPTOP-D8M8DET3" failures="0" tests="1" name="paymentpagebooking.paymentpagebooking" time="14.997" errors="0" timestamp="2025-05-05T18:04:27 IST" skipped="0">
  <testcase classname="paymentpagebooking.paymentpagebooking" name="checkaddguestbuttonwork" time="14.997"/>
</testsuite> <!-- paymentpagebooking.paymentpagebooking -->
