<?xml version="1.0" encoding="UTF-8"?>
<!-- Generated by org.testng.reporters.JUnitReportReporter -->
<testsuite hostname="LAPTOP-D8M8DET3" failures="0" tests="2" name="annotunders.AnnotationDemo1" time="0.013" errors="0" timestamp="2025-03-20T11:33:43 IST" skipped="0">
  <testcase classname="annotunders.AnnotationDemo1" name="search" time="0.006"/>
  <testcase classname="annotunders.AnnotationDemo1" name="userprofile" time="0.007"/>
</testsuite> <!-- annotunders.AnnotationDemo1 -->
