<?xml version="1.0" encoding="UTF-8"?>
<!-- Generated by org.testng.reporters.JUnitReportReporter -->
<testsuite hostname="LAPTOP-D8M8DET3" failures="0" tests="1" name="TaskLogin.LoginTaskPropertyconcept" time="9.166" errors="0" timestamp="2025-03-24T16:03:14 IST" skipped="0">
  <testcase classname="TaskLogin.LoginTaskPropertyconcept" name="verifyuser" time="9.166"/>
</testsuite> <!-- TaskLogin.LoginTaskPropertyconcept -->
