<?xml version="1.0" encoding="UTF-8"?>
<!-- Generated by org.testng.reporters.JUnitReportReporter -->
<testsuite hostname="LAPTOP-D8M8DET3" failures="0" tests="1" name="bidinnfooter.TestBidinnfooter" time="21.526" errors="0" timestamp="2025-05-09T12:54:17 IST" skipped="0">
  <testcase classname="bidinnfooter.TestBidinnfooter" name="VerifyInsta" time="21.526"/>
</testsuite> <!-- bidinnfooter.TestBidinnfooter -->
