<?xml version="1.0" encoding="UTF-8"?>
<!-- Generated by org.testng.reporters.JUnitReportReporter -->
<testsuite hostname="LAPTOP-D8M8DET3" failures="0" tests="1" name="homepagetest.HomePageTest" time="2.735" errors="0" timestamp="2025-04-23T15:05:03 IST" skipped="0">
  <testcase classname="homepagetest.HomePageTest" name="BidinnLogo" time="2.735"/>
</testsuite> <!-- homepagetest.HomePageTest -->
