<?xml version="1.0" encoding="UTF-8"?>
<!-- Generated by org.testng.reporters.JUnitReportReporter -->
<testsuite hostname="LAPTOP-D8M8DET3" failures="0" tests="1" name="paymentpagebooking.paymentpagebooking" time="17.252" errors="0" timestamp="2025-05-06T17:23:57 IST" skipped="0">
  <testcase classname="paymentpagebooking.paymentpagebooking" name="updateGuestInformation" time="17.252"/>
</testsuite> <!-- paymentpagebooking.paymentpagebooking -->
