<?xml version="1.0" encoding="UTF-8"?>
<!-- Generated by org.testng.reporters.JUnitReportReporter -->
<testsuite hostname="LAPTOP-D8M8DET3" failures="0" tests="1" name="bidinnfooter.TestBidinnfooter" time="16.575" errors="0" timestamp="2025-04-18T16:49:21 IST" skipped="0">
  <testcase classname="bidinnfooter.TestBidinnfooter" name="VerifyLinkedin" time="16.575"/>
</testsuite> <!-- bidinnfooter.TestBidinnfooter -->
