<?xml version="1.0" encoding="UTF-8"?>
<!-- Generated by org.testng.reporters.JUnitReportReporter -->
<testsuite hostname="LAPTOP-D8M8DET3" failures="0" tests="1" name="bookingpagescripts.Mybookingscript" time="22.389" errors="0" timestamp="2025-05-09T13:13:53 IST" skipped="0">
  <testcase classname="bookingpagescripts.Mybookingscript" name="updatetheprofileimage" time="22.389"/>
</testsuite> <!-- bookingpagescripts.Mybookingscript -->
