<?xml version="1.0" encoding="UTF-8"?>
<!-- Generated by org.testng.reporters.JUnitReportReporter -->
<testsuite hostname="LAPTOP-D8M8DET3" failures="0" tests="1" name="bidinnUserWebAppTestScript.VerifyMyBookingViewtab" time="16.664" errors="0" timestamp="2025-05-13T12:17:18 IST" skipped="0">
  <testcase classname="bidinnUserWebAppTestScript.VerifyMyBookingViewtab" name="updatetheprofileimage" time="16.664"/>
</testsuite> <!-- bidinnUserWebAppTestScript.VerifyMyBookingViewtab -->
