<?xml version="1.0" encoding="UTF-8"?>
<!-- Generated by org.testng.reporters.JUnitReportReporter -->
<testsuite hostname="LAPTOP-D8M8DET3" failures="0" tests="1" name="bidinnUserWebAppTestScript.VerifyAddGuestButtonworkinmyBookingPage" time="18.638" errors="0" timestamp="2025-05-14T15:49:21 IST" skipped="0">
  <testcase classname="bidinnUserWebAppTestScript.VerifyAddGuestButtonworkinmyBookingPage" name="checkingaddmoreguestthannoofguest" time="18.638"/>
</testsuite> <!-- bidinnUserWebAppTestScript.VerifyAddGuestButtonworkinmyBookingPage -->
