<?xml version="1.0" encoding="UTF-8"?>
<!-- Generated by org.testng.reporters.JUnitReportReporter -->
<testsuite hostname="LAPTOP-D8M8DET3" failures="0" tests="1" name="paymentpagebooking.checkingmoreaddthanchoose" time="16.917" errors="0" timestamp="2025-05-06T16:55:04 IST" skipped="0">
  <testcase classname="paymentpagebooking.checkingmoreaddthanchoose" name="checkingaddmoreguestthannoofguest" time="16.917"/>
</testsuite> <!-- paymentpagebooking.checkingmoreaddthanchoose -->
