<?xml version="1.0" encoding="UTF-8"?>
<!-- Generated by org.testng.reporters.JUnitReportReporter -->
<testsuite hostname="LAPTOP-D8M8DET3" failures="0" tests="1" name="bidinnUserWebAppTestScript.VerifyHotelDetailsPage" time="15.883" errors="0" timestamp="2025-05-13T11:25:36 IST" skipped="0">
  <testcase classname="bidinnUserWebAppTestScript.VerifyHotelDetailsPage" name="checkBidCounteroptionworkornot" time="15.883"/>
</testsuite> <!-- bidinnUserWebAppTestScript.VerifyHotelDetailsPage -->
