<?xml version="1.0" encoding="UTF-8"?>
<!-- Generated by org.testng.reporters.JUnitReportReporter -->
<testsuite hostname="LAPTOP-D8M8DET3" failures="0" tests="1" name="bookingpagescripts.mybookingscript" time="21.548" errors="0" timestamp="2025-05-08T14:58:59 IST" skipped="0">
  <testcase classname="bookingpagescripts.mybookingscript" name="personalinforupdateornot" time="21.548"/>
</testsuite> <!-- bookingpagescripts.mybookingscript -->
