<?xml version="1.0" encoding="UTF-8"?>
<!-- Generated by org.testng.reporters.JUnitReportReporter -->
<testsuite hostname="LAPTOP-D8M8DET3" failures="0" tests="1" name="TaskLogin.LoginTasknew1" time="33.342" errors="0" timestamp="2025-05-09T13:31:00 IST" skipped="0">
  <testcase classname="TaskLogin.LoginTasknew1" name="afterLogincheckNotificationisworkornot" time="33.342"/>
</testsuite> <!-- TaskLogin.LoginTasknew1 -->
