<?xml version="1.0" encoding="UTF-8"?>
<!-- Generated by org.testng.reporters.JUnitReportReporter -->
<testsuite hostname="LAPTOP-D8M8DET3" failures="0" tests="1" name="dropdownUnder.DropTask" time="9.458" errors="0" timestamp="2025-03-24T12:59:26 IST" skipped="0">
  <testcase classname="dropdownUnder.DropTask" name="droptask" time="9.458"/>
</testsuite> <!-- dropdownUnder.DropTask -->
