<?xml version="1.0" encoding="UTF-8"?>
<!-- Generated by org.testng.reporters.JUnitReportReporter -->
<testsuite hostname="LAPTOP-D8M8DET3" failures="0" tests="1" name="annotunders.AssertionDemo" time="0.009" errors="0" timestamp="2025-03-20T13:43:01 IST" skipped="0">
  <testcase classname="annotunders.AssertionDemo" name="testtitle" time="0.009"/>
</testsuite> <!-- annotunders.AssertionDemo -->
