<?xml version="1.0" encoding="UTF-8"?>
<!-- Generated by org.testng.reporters.JUnitReportReporter -->
<testsuite hostname="LAPTOP-D8M8DET3" failures="0" tests="1" name="annotundersBATest.AnnoBefTest" time="0.002" errors="0" timestamp="2025-03-20T12:32:34 IST" skipped="0">
  <testcase classname="annotundersBATest.AnnoBefTest" name="f1" time="0.002"/>
</testsuite> <!-- annotundersBATest.AnnoBefTest -->
