<?xml version="1.0" encoding="UTF-8"?>
<!-- Generated by org.testng.reporters.JUnitReportReporter -->
<testsuite hostname="LAPTOP-D8M8DET3" failures="0" tests="4" name="testNGLear.LoginTest" time="8.030" errors="0" timestamp="2025-03-18T18:02:45 IST" skipped="0">
  <testcase classname="testNGLear.LoginTest" name="openweb" time="3.647"/>
  <testcase classname="testNGLear.LoginTest" name="testlogin" time="3.129"/>
  <testcase classname="testNGLear.LoginTest" name="verifyuser" time="0.822"/>
  <testcase classname="testNGLear.LoginTest" name="logout" time="0.432"/>
</testsuite> <!-- testNGLear.LoginTest -->
