<?xml version="1.0" encoding="UTF-8"?>
<!-- Generated by org.testng.reporters.JUnitReportReporter -->
<testsuite hostname="LAPTOP-D8M8DET3" failures="0" tests="1" name="homepagetest.Searchbox" time="28.308" errors="0" timestamp="2025-04-22T17:48:17 IST" skipped="0">
  <testcase classname="homepagetest.Searchbox" name="VerifyHotelSearchisworkornot" time="28.308"/>
</testsuite> <!-- homepagetest.Searchbox -->
