<?xml version="1.0" encoding="UTF-8"?>
<!-- Generated by org.testng.reporters.JUnitReportReporter -->
<testsuite hostname="LAPTOP-D8M8DET3" failures="0" tests="1" name="bidinnUserWebAppTestScript.VerifyRatingFormWorkinBookingDetails" time="15.123" errors="0" timestamp="2025-05-13T15:41:26 IST" skipped="0">
  <testcase classname="bidinnUserWebAppTestScript.VerifyRatingFormWorkinBookingDetails" name="rateHotelformisworkornot" time="15.123"/>
</testsuite> <!-- bidinnUserWebAppTestScript.VerifyRatingFormWorkinBookingDetails -->
