<?xml version="1.0" encoding="UTF-8"?>
<!-- Generated by org.testng.reporters.JUnitReportReporter -->
<testsuite hostname="LAPTOP-D8M8DET3" failures="0" tests="1" name="TaskLogin.LoginTasknew1" time="10.867" errors="0" timestamp="2025-04-23T16:51:56 IST" skipped="0">
  <testcase classname="TaskLogin.LoginTasknew1" name="checkNotificationscrollworkingornot" time="10.867"/>
</testsuite> <!-- TaskLogin.LoginTasknew1 -->
