<?xml version="1.0" encoding="UTF-8"?>
<!-- Generated by org.testng.reporters.JUnitReportReporter -->
<testsuite hostname="LAPTOP-D8M8DET3" failures="0" tests="15" name="bidinnUserWebAppTestScript.VerifyHotelListPage" time="0.003" errors="0" timestamp="2025-05-13T16:47:21 IST" skipped="15">
  <testcase classname="bidinnUserWebAppTestScript.VerifyHotelListPage" name="verifyfilterbox2" time="0.000">
    <skipped/>
  </testcase> <!-- verifyfilterbox2 -->
  <testcase classname="bidinnUserWebAppTestScript.VerifyHotelListPage" name="shareButtonworkwhatsapp" time="0.000">
    <skipped/>
  </testcase> <!-- shareButtonworkwhatsapp -->
  <testcase classname="bidinnUserWebAppTestScript.VerifyHotelListPage" name="verifyfilterbox3" time="0.000">
    <skipped/>
  </testcase> <!-- verifyfilterbox3 -->
  <testcase classname="bidinnUserWebAppTestScript.VerifyHotelListPage" name="checkLoginButtonworkornot" time="0.000">
    <skipped/>
  </testcase> <!-- checkLoginButtonworkornot -->
  <testcase classname="bidinnUserWebAppTestScript.VerifyHotelListPage" name="testsliderPriceRange" time="0.000">
    <skipped/>
  </testcase> <!-- testsliderPriceRange -->
  <testcase classname="bidinnUserWebAppTestScript.VerifyHotelListPage" name="verifyactualpriceafterapplyingdiscount" time="0.000">
    <skipped/>
  </testcase> <!-- verifyactualpriceafterapplyingdiscount -->
  <testcase classname="bidinnUserWebAppTestScript.VerifyHotelListPage" name="verifyfilterbox" time="0.000">
    <skipped/>
  </testcase> <!-- verifyfilterbox -->
  <testcase classname="bidinnUserWebAppTestScript.VerifyHotelListPage" name="changeRoomandGuestworkornot" time="0.000">
    <skipped/>
  </testcase> <!-- changeRoomandGuestworkornot -->
  <testcase classname="bidinnUserWebAppTestScript.VerifyHotelListPage" name="shareButtonworkfb" time="0.000">
    <skipped/>
  </testcase> <!-- shareButtonworkfb -->
  <testcase classname="bidinnUserWebAppTestScript.VerifyHotelListPage" name="twelevepercrating" time="0.001">
    <skipped/>
  </testcase> <!-- twelevepercrating -->
  <testcase classname="bidinnUserWebAppTestScript.VerifyHotelListPage" name="verifyfilterbox4" time="0.001">
    <skipped/>
  </testcase> <!-- verifyfilterbox4 -->
  <testcase classname="bidinnUserWebAppTestScript.VerifyHotelListPage" name="shareButtonworktwitter" time="0.000">
    <skipped/>
  </testcase> <!-- shareButtonworktwitter -->
  <testcase classname="bidinnUserWebAppTestScript.VerifyHotelListPage" name="changecheckinoutdatepsbleworkornot" time="0.000">
    <skipped/>
  </testcase> <!-- changecheckinoutdatepsbleworkornot -->
  <testcase classname="bidinnUserWebAppTestScript.VerifyHotelListPage" name="verifychangelocationgivenewlocationhotel" time="0.000">
    <skipped/>
  </testcase> <!-- verifychangelocationgivenewlocationhotel -->
  <testcase classname="bidinnUserWebAppTestScript.VerifyHotelListPage" name="verifyhotelnamedetail" time="0.001">
    <skipped/>
  </testcase> <!-- verifyhotelnamedetail -->
</testsuite> <!-- bidinnUserWebAppTestScript.VerifyHotelListPage -->
