<?xml version="1.0" encoding="UTF-8"?>
<!-- Generated by org.testng.reporters.JUnitReportReporter -->
<testsuite hostname="LAPTOP-D8M8DET3" failures="0" tests="1" name="paymentpagebooking.paymentpagebooking" time="17.795" errors="0" timestamp="2025-05-06T13:34:56 IST" skipped="0">
  <testcase classname="paymentpagebooking.paymentpagebooking" name="checkaddguestbuttonwork" time="17.795"/>
</testsuite> <!-- paymentpagebooking.paymentpagebooking -->
