<?xml version="1.0" encoding="UTF-8"?>
<!-- Generated by org.testng.reporters.JUnitReportReporter -->
<testsuite hostname="LAPTOP-D8M8DET3" failures="0" tests="1" name="bookingpagescripts.mybookingscript" time="8.811" errors="0" timestamp="2025-05-07T14:52:14 IST" skipped="0">
  <testcase classname="bookingpagescripts.mybookingscript" name="cancelledtabcase" time="8.811"/>
</testsuite> <!-- bookingpagescripts.mybookingscript -->
