<?xml version="1.0" encoding="UTF-8"?>
<!-- Generated by org.testng.reporters.JUnitReportReporter -->
<testsuite hostname="LAPTOP-D8M8DET3" failures="0" tests="1" name="bookingpagescripts.mybookingscript" time="12.781" errors="0" timestamp="2025-05-07T15:34:35 IST" skipped="0">
  <testcase classname="bookingpagescripts.mybookingscript" name="mybookingsdetailsissameornotincompletedcase" time="12.781"/>
</testsuite> <!-- bookingpagescripts.mybookingscript -->
