<?xml version="1.0" encoding="UTF-8"?>
<!-- Generated by org.testng.reporters.JUnitReportReporter -->
<testsuite hostname="LAPTOP-D8M8DET3" failures="0" tests="1" name="bidinnUserWebAppTestScript.VerifyAddGuestButtonworkinmyBookingPage" time="19.158" errors="0" timestamp="2025-05-12T11:33:46 IST" skipped="0">
  <testcase classname="bidinnUserWebAppTestScript.VerifyAddGuestButtonworkinmyBookingPage" name="checkingaddmoreguestthannoofguest" time="19.158"/>
</testsuite> <!-- bidinnUserWebAppTestScript.VerifyAddGuestButtonworkinmyBookingPage -->
