<?xml version="1.0" encoding="UTF-8"?>
<!-- Generated by org.testng.reporters.JUnitReportReporter -->
<testsuite hostname="LAPTOP-D8M8DET3" failures="0" tests="1" name="bidinnUserWebAppTestScript.VerifyHomePage" time="8.025" errors="0" timestamp="2025-05-12T13:06:34 IST" skipped="0">
  <testcase classname="bidinnUserWebAppTestScript.VerifyHomePage" name="statesofIndia" time="8.025"/>
</testsuite> <!-- bidinnUserWebAppTestScript.VerifyHomePage -->
