<?xml version="1.0" encoding="UTF-8"?>
<!-- Generated by org.testng.reporters.JUnitReportReporter -->
<testsuite hostname="LAPTOP-D8M8DET3" failures="0" tests="1" name="verifynavigationandhotellistdetail.verifyhotellistdetail" time="3.389" errors="0" timestamp="2025-04-02T11:05:55 IST" skipped="0">
  <testcase classname="verifynavigationandhotellistdetail.verifyhotellistdetail" name="ratingdisplayed" time="3.389"/>
</testsuite> <!-- verifynavigationandhotellistdetail.verifyhotellistdetail -->
