<?xml version="1.0" encoding="UTF-8"?>
<!-- Generated by org.testng.reporters.JUnitReportReporter -->
<testsuite hostname="LAPTOP-D8M8DET3" failures="0" tests="1" name="bookingpagescripts.mybookingscript" time="10.604" errors="0" timestamp="2025-05-07T13:55:55 IST" skipped="0">
  <testcase classname="bookingpagescripts.mybookingscript" name="completedtabcase" time="10.604"/>
</testsuite> <!-- bookingpagescripts.mybookingscript -->
