<?xml version="1.0" encoding="UTF-8"?>
<!-- Generated by org.testng.reporters.JUnitReportReporter -->
<testsuite hostname="LAPTOP-D8M8DET3" failures="0" tests="1" name="homepagetest.Searchbox" time="19.200" errors="0" timestamp="2025-04-28T13:33:55 IST" skipped="0">
  <testcase classname="homepagetest.Searchbox" name="VerifySearchinput" time="19.200"/>
</testsuite> <!-- homepagetest.Searchbox -->
