<?xml version="1.0" encoding="UTF-8"?>
<!-- Generated by org.testng.reporters.JUnitReportReporter -->
<testsuite hostname="LAPTOP-D8M8DET3" failures="0" tests="1" name="bookingpagescripts.ratingformafterstay" time="14.706" errors="0" timestamp="2025-05-09T13:48:09 IST" skipped="0">
  <testcase classname="bookingpagescripts.ratingformafterstay" name="RateHotelformisworkornot" time="14.706"/>
</testsuite> <!-- bookingpagescripts.ratingformafterstay -->
