<?xml version="1.0" encoding="UTF-8"?>
<!-- Generated by org.testng.reporters.JUnitReportReporter -->
<testsuite hostname="LAPTOP-D8M8DET3" failures="0" tests="1" name="verifyparticularhotel.VerifyHotelDetailsPage" time="23.000" errors="0" timestamp="2025-04-04T11:53:02 IST" skipped="0">
  <testcase classname="verifyparticularhotel.VerifyHotelDetailsPage" name="verifyBidNowOption" time="23.000"/>
</testsuite> <!-- verifyparticularhotel.VerifyHotelDetailsPage -->
