<?xml version="1.0" encoding="UTF-8"?>
<!-- Generated by org.testng.reporters.JUnitReportReporter -->
<testsuite hostname="LAPTOP-D8M8DET3" failures="0" tests="1" name="bookingpagescripts.ratingformafterstay" time="11.803" errors="0" timestamp="2025-05-09T16:47:19 IST" skipped="0">
  <testcase classname="bookingpagescripts.ratingformafterstay" name="RateHotelformisworkornot" time="11.803"/>
</testsuite> <!-- bookingpagescripts.ratingformafterstay -->
