<?xml version="1.0" encoding="UTF-8"?>
<!-- Generated by org.testng.reporters.JUnitReportReporter -->
<testsuite hostname="LAPTOP-D8M8DET3" failures="0" tests="1" name="TaskLogin.LoginTasknew1" time="12.067" errors="0" timestamp="2025-04-24T16:03:02 IST" skipped="0">
  <testcase classname="TaskLogin.LoginTasknew1" name="checkDeleteButtonisworkornotwhennotreadofNotification" time="12.067"/>
</testsuite> <!-- TaskLogin.LoginTasknew1 -->
