<?xml version="1.0" encoding="UTF-8"?>
<!-- Generated by org.testng.reporters.JUnitReportReporter -->
<testsuite hostname="LAPTOP-D8M8DET3" failures="0" tests="2" name="bidinnUserWebAppTestScript.VerifySearchInputBox" time="28.041" errors="0" timestamp="2025-05-13T15:39:55 IST" skipped="0">
  <testcase classname="bidinnUserWebAppTestScript.VerifySearchInputBox" name="verifyHotelSearchisworkornot" time="13.600"/>
  <testcase classname="bidinnUserWebAppTestScript.VerifySearchInputBox" name="verifySearchinput" time="14.441"/>
</testsuite> <!-- bidinnUserWebAppTestScript.VerifySearchInputBox -->
