<?xml version="1.0" encoding="UTF-8"?>
<!-- Generated by org.testng.reporters.JUnitReportReporter -->
<testsuite hostname="LAPTOP-D8M8DET3" failures="0" tests="2" name="annotunders.AnnotationDemo2" time="0.007" errors="0" timestamp="2025-03-20T11:46:25 IST" skipped="0">
  <testcase classname="annotunders.AnnotationDemo2" name="search" time="0.005"/>
  <testcase classname="annotunders.AnnotationDemo2" name="userprofile" time="0.002"/>
</testsuite> <!-- annotunders.AnnotationDemo2 -->
