<?xml version="1.0" encoding="UTF-8"?>
<!-- Generated by org.testng.reporters.JUnitReportReporter -->
<testsuite hostname="LAPTOP-D8M8DET3" failures="0" tests="1" name="verifynavigationandhotellistdetail.verifyhotellistdetail" time="16.419" errors="0" timestamp="2025-04-28T18:18:23 IST" skipped="0">
  <testcase classname="verifynavigationandhotellistdetail.verifyhotellistdetail" name="verifychangelocationgivenewlocationhotel" time="16.419"/>
</testsuite> <!-- verifynavigationandhotellistdetail.verifyhotellistdetail -->
