<?xml version="1.0" encoding="UTF-8"?>
<!-- Generated by org.testng.reporters.JUnitReportReporter -->
<testsuite hostname="LAPTOP-D8M8DET3" failures="0" tests="3" name="testNGLear.FirstTestCase" time="0.012" errors="0" timestamp="2025-03-18T15:59:41 IST" skipped="0">
  <testcase classname="testNGLear.FirstTestCase" name="logout" time="0.002"/>
  <testcase classname="testNGLear.FirstTestCase" name="openapp" time="0.001"/>
  <testcase classname="testNGLear.FirstTestCase" name="login" time="0.009"/>
</testsuite> <!-- testNGLear.FirstTestCase -->
