<?xml version="1.0" encoding="UTF-8"?>
<!-- Generated by org.testng.reporters.JUnitReportReporter -->
<testsuite hostname="LAPTOP-D8M8DET3" failures="0" tests="1" name="bidinnUserWebAppTestScript.VerifyHotelDetailsPage" time="14.993" errors="0" timestamp="2025-05-12T13:53:30 IST" skipped="0">
  <testcase classname="bidinnUserWebAppTestScript.VerifyHotelDetailsPage" name="verifyBidNowOptionAfterLogin" time="14.993"/>
</testsuite> <!-- bidinnUserWebAppTestScript.VerifyHotelDetailsPage -->
