<?xml version="1.0" encoding="UTF-8"?>
<!-- Generated by org.testng.reporters.JUnitReportReporter -->
<testsuite hostname="LAPTOP-D8M8DET3" failures="0" tests="1" name="verifyparticularhotel.VerifyHotelDetailsPage" time="6.205" errors="0" timestamp="2025-04-30T17:10:34 IST" skipped="0">
  <testcase classname="verifyparticularhotel.VerifyHotelDetailsPage" name="verifyAddressandMAPisdisplayornot" time="6.205"/>
</testsuite> <!-- verifyparticularhotel.VerifyHotelDetailsPage -->
