<?xml version="1.0" encoding="UTF-8"?>
<!-- Generated by org.testng.reporters.JUnitReportReporter -->
<testsuite hostname="LAPTOP-D8M8DET3" failures="0" tests="16" name="bidinnUserWebAppTestScript.VerifyHotelListPage" time="112.455" errors="1" timestamp="2025-05-14T13:29:06 IST" skipped="12">
  <testcase classname="bidinnUserWebAppTestScript.VerifyHotelListPage" name="changecheckinoutdatepsbleworkornot" time="20.161"/>
  <testcase classname="bidinnUserWebAppTestScript.VerifyHotelListPage" name="shareButtonworkwhatsapp" time="13.259">
    <skipped/>
  </testcase> <!-- shareButtonworkwhatsapp -->
  <testcase classname="bidinnUserWebAppTestScript.VerifyHotelListPage" name="shareButtonworkfb" time="11.095">
    <skipped/>
  </testcase> <!-- shareButtonworkfb -->
  <testcase classname="bidinnUserWebAppTestScript.VerifyHotelListPage" name="twelevepercrating" time="0.001">
    <skipped/>
  </testcase> <!-- twelevepercrating -->
  <testcase classname="bidinnUserWebAppTestScript.VerifyHotelListPage" name="verifyfilterbox2" time="0.000">
    <skipped/>
  </testcase> <!-- verifyfilterbox2 -->
  <testcase classname="bidinnUserWebAppTestScript.VerifyHotelListPage" name="verifyactualpriceafterapplyingdiscount" time="0.000">
    <skipped/>
  </testcase> <!-- verifyactualpriceafterapplyingdiscount -->
  <testcase classname="bidinnUserWebAppTestScript.VerifyHotelListPage" name="checkLoginButtonworkornot" time="5.467"/>
  <testcase classname="bidinnUserWebAppTestScript.VerifyHotelListPage" name="verifyhotelnamedetail" time="0.000">
    <skipped/>
  </testcase> <!-- verifyhotelnamedetail -->
  <testcase classname="bidinnUserWebAppTestScript.VerifyHotelListPage" name="verifyfilterbox3" time="0.000">
    <skipped/>
  </testcase> <!-- verifyfilterbox3 -->
  <testcase classname="bidinnUserWebAppTestScript.VerifyHotelListPage" name="changeRoomandGuestworkornot" time="6.003"/>
  <testcase classname="bidinnUserWebAppTestScript.VerifyHotelListPage" name="entercityintput" time="56.469">
    <error message="invalid session id: session deleted as the browser has closed the connection
from disconnected: unable to send message to renderer
  (Session info: chrome=136.0.7103.93)
Build info: version: &#039;4.29.0&#039;, revision: &#039;5fc1ec94cb&#039;
System info: os.name: &#039;Windows 11&#039;, os.arch: &#039;amd64&#039;, os.version: &#039;10.0&#039;, java.version: &#039;23.0.2&#039;
Driver info: org.openqa.selenium.chrome.ChromeDriver
Command: [51824b74c2c836c07c4b5794aa70a082, clickElement {id=f.493E4CEC7FE049E93C10C389D56C792C.d.51510BBB2A5D34035C5B8A565772B39D.e.91}]
Capabilities {acceptInsecureCerts: false, browserName: chrome, browserVersion: 136.0.7103.93, chrome: {chromedriverVersion: 136.0.7103.92 (cb81a4cc5087..., userDataDir: C:\Users\ABHISH~1\AppData\L...}, fedcm:accounts: true, goog:chromeOptions: {debuggerAddress: localhost:52020}, networkConnectionEnabled: false, pageLoadStrategy: normal, platformName: windows, proxy: Proxy(), se:cdp: ws://localhost:52020/devtoo..., se:cdpVersion: 136.0.7103.93, setWindowRect: true, strictFileInteractability: false, timeouts: {implicit: 0, pageLoad: 300000, script: 30000}, unhandledPromptBehavior: dismiss and notify, webauthn:extension:credBlob: true, webauthn:extension:largeBlob: true, webauthn:extension:minPinLength: true, webauthn:extension:prf: true, webauthn:virtualAuthenticators: true}
Element: [[ChromeDriver: chrome on windows (51824b74c2c836c07c4b5794aa70a082)] -&gt; xpath: //span[text()=&#039;No. of Rooms/Guests&#039;]]
Session ID: 51824b74c2c836c07c4b5794aa70a082" type="org.openqa.selenium.NoSuchSessionException">
      <![CDATA[org.openqa.selenium.NoSuchSessionException: invalid session id: session deleted as the browser has closed the connection
from disconnected: unable to send message to renderer
  (Session info: chrome=136.0.7103.93)
Build info: version: '4.29.0', revision: '5fc1ec94cb'
System info: os.name: 'Windows 11', os.arch: 'amd64', os.version: '10.0', java.version: '23.0.2'
Driver info: org.openqa.selenium.chrome.ChromeDriver
Command: [51824b74c2c836c07c4b5794aa70a082, clickElement {id=f.493E4CEC7FE049E93C10C389D56C792C.d.51510BBB2A5D34035C5B8A565772B39D.e.91}]
Capabilities {acceptInsecureCerts: false, browserName: chrome, browserVersion: 136.0.7103.93, chrome: {chromedriverVersion: 136.0.7103.92 (cb81a4cc5087..., userDataDir: C:\Users\ABHISH~1\AppData\L...}, fedcm:accounts: true, goog:chromeOptions: {debuggerAddress: localhost:52020}, networkConnectionEnabled: false, pageLoadStrategy: normal, platformName: windows, proxy: Proxy(), se:cdp: ws://localhost:52020/devtoo..., se:cdpVersion: 136.0.7103.93, setWindowRect: true, strictFileInteractability: false, timeouts: {implicit: 0, pageLoad: 300000, script: 30000}, unhandledPromptBehavior: dismiss and notify, webauthn:extension:credBlob: true, webauthn:extension:largeBlob: true, webauthn:extension:minPinLength: true, webauthn:extension:prf: true, webauthn:virtualAuthenticators: true}
Element: [[ChromeDriver: chrome on windows (51824b74c2c836c07c4b5794aa70a082)] -> xpath: //span[text()='No. of Rooms/Guests']]
Session ID: 51824b74c2c836c07c4b5794aa70a082
at java.base/jdk.internal.reflect.DirectConstructorHandleAccessor.newInstance(DirectConstructorHandleAccessor.java:62)
at java.base/java.lang.reflect.Constructor.newInstanceWithCaller(Constructor.java:501)
at java.base/java.lang.reflect.Constructor.newInstance(Constructor.java:485)
at org.openqa.selenium.remote.ErrorCodec.decode(ErrorCodec.java:167)
at org.openqa.selenium.remote.codec.w3c.W3CHttpResponseCodec.decode(W3CHttpResponseCodec.java:138)
at org.openqa.selenium.remote.codec.w3c.W3CHttpResponseCodec.decode(W3CHttpResponseCodec.java:50)
at org.openqa.selenium.remote.HttpCommandExecutor.execute(HttpCommandExecutor.java:215)
at org.openqa.selenium.remote.service.DriverCommandExecutor.invokeExecute(DriverCommandExecutor.java:216)
at org.openqa.selenium.remote.service.DriverCommandExecutor.execute(DriverCommandExecutor.java:174)
at org.openqa.selenium.remote.RemoteWebDriver.execute(RemoteWebDriver.java:545)
at org.openqa.selenium.remote.RemoteWebElement.execute(RemoteWebElement.java:223)
at org.openqa.selenium.remote.RemoteWebElement.click(RemoteWebElement.java:76)
at bidinnUserWebAppTestScript.VerifyHotelListPage.entercityintput(VerifyHotelListPage.java:72)
at java.base/jdk.internal.reflect.DirectMethodHandleAccessor.invoke(DirectMethodHandleAccessor.java:103)
at java.base/java.lang.reflect.Method.invoke(Method.java:580)
at org.testng.internal.invokers.MethodInvocationHelper.invokeMethod(MethodInvocationHelper.java:141)
at org.testng.internal.invokers.MethodInvocationHelper.invokeMethodConsideringTimeout(MethodInvocationHelper.java:71)
at org.testng.internal.invokers.ConfigInvoker.invokeConfigurationMethod(ConfigInvoker.java:400)
at org.testng.internal.invokers.ConfigInvoker.invokeConfigurations(ConfigInvoker.java:333)
at org.testng.internal.invokers.TestInvoker.runConfigMethods(TestInvoker.java:836)
at org.testng.internal.invokers.TestInvoker.invokeMethod(TestInvoker.java:601)
at org.testng.internal.invokers.TestInvoker.invokeTestMethod(TestInvoker.java:230)
at org.testng.internal.invokers.MethodRunner.runInSequence(MethodRunner.java:63)
at org.testng.internal.invokers.TestInvoker$MethodInvocationAgent.invoke(TestInvoker.java:995)
at org.testng.internal.invokers.TestInvoker.invokeTestMethods(TestInvoker.java:203)
at org.testng.internal.invokers.TestMethodWorker.invokeTestMethods(TestMethodWorker.java:154)
at org.testng.internal.invokers.TestMethodWorker.run(TestMethodWorker.java:134)
at java.base/java.util.concurrent.Executors$RunnableAdapter.call(Executors.java:572)
at java.base/java.util.concurrent.FutureTask.run(FutureTask.java:317)
at org.testng.internal.thread.graph.TestNGFutureTask.run(TestNGFutureTask.java:22)
at java.base/java.util.concurrent.ThreadPoolExecutor.runWorker(ThreadPoolExecutor.java:1144)
at java.base/java.util.concurrent.ThreadPoolExecutor$Worker.run(ThreadPoolExecutor.java:642)
at java.base/java.lang.Thread.run(Thread.java:1575)
]]>
    </error>
  </testcase> <!-- entercityintput -->
  <testcase classname="bidinnUserWebAppTestScript.VerifyHotelListPage" name="verifyfilterbox4" time="0.000">
    <skipped/>
  </testcase> <!-- verifyfilterbox4 -->
  <testcase classname="bidinnUserWebAppTestScript.VerifyHotelListPage" name="testsliderPriceRange" time="0.000">
    <skipped/>
  </testcase> <!-- testsliderPriceRange -->
  <testcase classname="bidinnUserWebAppTestScript.VerifyHotelListPage" name="verifychangelocationgivenewlocationhotel" time="0.000">
    <skipped/>
  </testcase> <!-- verifychangelocationgivenewlocationhotel -->
  <testcase classname="bidinnUserWebAppTestScript.VerifyHotelListPage" name="shareButtonworktwitter" time="0.000">
    <skipped/>
  </testcase> <!-- shareButtonworktwitter -->
  <testcase classname="bidinnUserWebAppTestScript.VerifyHotelListPage" name="verifyfilterbox" time="0.000">
    <skipped/>
  </testcase> <!-- verifyfilterbox -->
</testsuite> <!-- bidinnUserWebAppTestScript.VerifyHotelListPage -->
