<?xml version="1.0" encoding="UTF-8"?>
<!-- Generated by org.testng.reporters.JUnitReportReporter -->
<testsuite hostname="LAPTOP-D8M8DET3" failures="0" tests="1" name="verifyparticularhotel.VerifyHotelDetailsPage" time="5.458" errors="0" timestamp="2025-05-09T17:07:26 IST" skipped="0">
  <testcase classname="verifyparticularhotel.VerifyHotelDetailsPage" name="verifyBookNowButtonwork" time="5.458"/>
</testsuite> <!-- verifyparticularhotel.VerifyHotelDetailsPage -->
